<?xml version="1.0" encoding="UTF-8"?>
<testng-results skipped="0" failed="0" ignored="0" total="2" passed="2">
  <reporter-output>
  </reporter-output>
  <suite name="Suite" duration-ms="39" started-at="2022-12-01T16:35:56Z" finished-at="2022-12-01T16:35:56Z">
    <groups>
    </groups>
    <test name="Test" duration-ms="39" started-at="2022-12-01T16:35:56Z" finished-at="2022-12-01T16:35:56Z">
      <class name="com.test.AmazonLoginTest">
        <test-method status="PASS" signature="AddToCart()[pri:0, instance:com.test.AmazonLoginTest@341b80b2]" name="AddToCart" duration-ms="5" started-at="2022-12-01T16:35:56Z" finished-at="2022-12-01T16:35:56Z">
          <reporter-output>
          </reporter-output>
        </test-method> <!-- AddToCart -->
        <test-method status="PASS" signature="LoginApplication()[pri:0, instance:com.test.AmazonLoginTest@341b80b2]" name="LoginApplication" duration-ms="0" started-at="2022-12-01T16:35:56Z" finished-at="2022-12-01T16:35:56Z">
          <reporter-output>
          </reporter-output>
        </test-method> <!-- LoginApplication -->
      </class> <!-- com.test.AmazonLoginTest -->
    </test> <!-- Test -->
  </suite> <!-- Suite -->
</testng-results>
